<?xml version="1.0" encoding="UTF-8"?>
<!-- Generated by org.testng.reporters.JUnitReportReporter -->
<testsuite skipped="0" hostname="LAPTOP-H9SDNOF1" name="p1.ClassA" tests="3" failures="0" timestamp="2023-01-05T12:00:59 IST" time="0.014" errors="0">
  <testcase name="tc002" time="0.000" classname="p1.ClassA"/>
  <system-out>
    <![CDATA[tc002 executed successfull]]>
  </system-out>
  <testcase name="tc003" time="0.000" classname="p1.ClassA"/>
  <system-out>
    <![CDATA[tc003 executed successfull]]>
  </system-out>
  <testcase name="tc001" time="0.014" classname="p1.ClassA"/>
  <system-out>
    <![CDATA[tc001 executed successfull]]>
  </system-out>
</testsuite> <!-- p1.ClassA -->
