<?xml version="1.0" encoding="UTF-8"?>
<!-- Generated by org.testng.reporters.JUnitReportReporter -->
<testsuite skipped="0" hostname="LAPTOP-H9SDNOF1" name="ClassA.NewTest" tests="3" failures="0" timestamp="2023-01-05T09:37:55 IST" time="0.009" errors="0">
  <testcase name="tc003" time="0.001" classname="ClassA.NewTest"/>
  <system-out>
    <![CDATA[tc003 executed successfull]]>
  </system-out>
  <testcase name="tc001" time="0.007" classname="ClassA.NewTest"/>
  <system-out>
    <![CDATA[tc001 executed successfull]]>
  </system-out>
  <testcase name="tc002" time="0.001" classname="ClassA.NewTest"/>
  <system-out>
    <![CDATA[tc002 executed successfull]]>
  </system-out>
</testsuite> <!-- ClassA.NewTest -->
