<?xml version="1.0" encoding="UTF-8"?>
<!-- Generated by org.testng.reporters.JUnitReportReporter -->
<testsuite skipped="0" hostname="LAPTOP-H9SDNOF1" name="p1.ClassA" tests="2" failures="0" timestamp="2023-01-05T13:00:46 IST" time="0.000" errors="0">
  <testcase name="tc001" time="0.000" classname="p1.ClassA"/>
  <system-out>
tc001 executed successfull  </system-out>
  <testcase name="tc002" time="0.000" classname="p1.ClassA"/>
  <system-out>
tc002 executed successfull  </system-out>
</testsuite> <!-- p1.ClassA -->
